[debug] [2021-05-31T15:57:26.935Z] ----------------------------------------------------------------------
[debug] [2021-05-31T15:57:26.937Z] Command:       C:\Program Files\nodejs\node.exe C:\Users\Aakash Kavaiya\AppData\Roaming\npm\node_modules\firebase-tools\lib\bin\firebase.js init
[debug] [2021-05-31T15:57:26.937Z] CLI Version:   9.10.0
[debug] [2021-05-31T15:57:26.937Z] Platform:      win32
[debug] [2021-05-31T15:57:26.937Z] Node Version:  v14.16.1
[debug] [2021-05-31T15:57:26.938Z] Time:          Mon May 31 2021 21:27:26 GMT+0530 (India Standard Time)
[debug] [2021-05-31T15:57:26.939Z] ----------------------------------------------------------------------
[debug] 
[debug] [2021-05-31T15:57:26.955Z] >>> [apiv2][query] GET https://firebase-public.firebaseio.com/cli.json [none]
[debug] [2021-05-31T15:57:27.012Z] > command requires scopes: ["email","openid","https://www.googleapis.com/auth/cloudplatformprojects.readonly","https://www.googleapis.com/auth/firebase","https://www.googleapis.com/auth/cloud-platform"]
[debug] [2021-05-31T15:57:27.012Z] > authorizing via signed-in user (ojasgujju@gmail.com)
[info] 
     ######## #### ########  ######## ########     ###     ######  ########
     ##        ##  ##     ## ##       ##     ##  ##   ##  ##       ##
     ######    ##  ########  ######   ########  #########  ######  ######
     ##        ##  ##    ##  ##       ##     ## ##     ##       ## ##
     ##       #### ##     ## ######## ########  ##     ##  ######  ########

You're about to initialize a Firebase project in this directory:

  E:\Aakash Portal\Blog\Github\JSON\Blog JSON

[debug] [2021-05-31T15:57:28.721Z] <<< [apiv2][status] GET https://firebase-public.firebaseio.com/cli.json 200
[debug] [2021-05-31T15:57:28.722Z] <<< [apiv2][body] GET https://firebase-public.firebaseio.com/cli.json {"cloudBuildErrorAfter":1594252800000,"cloudBuildWarnAfter":1590019200000,"defaultNode10After":1594252800000,"minVersion":"3.0.5","node8DeploysDisabledAfter":1613390400000,"node8RuntimeDisabledAfter":1615809600000,"node8WarnAfter":1600128000000}
